Using pre-set license
Built from '2020.3/release' branch; Version is '2020.3.7f1 (dd97f2c94397) revision 14522354'; Using compiler version '192528614'; Build Type 'Release'
OS: 'Windows 10 Home; OS build 19042.985; Version 2009; 64bit' Language: 'ja' Physical Memory: 16304 MB
BatchMode: 1, IsHumanControllingUs: 0, StartBugReporterOnCrash: 0, Is64bit: 1, IsPro: 0

 COMMAND LINE ARGUMENTS:
C:\Program Files\Unity\Hub\Editor\2020.3.7f1\Editor\Unity.exe
-adb2
-batchMode
-noUpm
-name
AssetImportWorker0
-projectPath
C:/Users/yasuhide-hirohata/Desktop/UnityProjects/Calibration Sample
-logFile
Logs/AssetImportWorker0.log
-srvPort
55670
Successfully changed project path to: C:/Users/yasuhide-hirohata/Desktop/UnityProjects/Calibration Sample
C:/Users/yasuhide-hirohata/Desktop/UnityProjects/Calibration Sample
Using Asset Import Pipeline V2.
Refreshing native plugins compatible for Editor in 17.43 ms, found 0 plugins.
Preloading 0 native plugins for Editor in 0.00 ms.
Initialize engine version: 2020.3.7f1 (dd97f2c94397)
[Subsystems] Discovering subsystems at path C:/Program Files/Unity/Hub/Editor/2020.3.7f1/Editor/Data/Resources/UnitySubsystems
[Subsystems] Discovering subsystems at path C:/Users/yasuhide-hirohata/Desktop/UnityProjects/Calibration Sample/Assets
GfxDevice: creating device client; threaded=0
Direct3D:
    Version:  Direct3D 11.0 [level 11.1]
    Renderer: NVIDIA GeForce RTX 2080 SUPER (ID=0x1e81)
    Vendor:   
    VRAM:     8010 MB
    Driver:   27.21.14.6627
Initialize mono
Mono path[0] = 'C:/Program Files/Unity/Hub/Editor/2020.3.7f1/Editor/Data/Managed'
Mono path[1] = 'C:/Program Files/Unity/Hub/Editor/2020.3.7f1/Editor/Data/MonoBleedingEdge/lib/mono/unityjit'
Mono config path = 'C:/Program Files/Unity/Hub/Editor/2020.3.7f1/Editor/Data/MonoBleedingEdge/etc'
Using monoOptions --debugger-agent=transport=dt_socket,embedding=1,server=y,suspend=n,address=127.0.0.1:56864
Begin MonoManager ReloadAssembly
Registering precompiled unity dll's ...
Register platform support module: C:/Program Files/Unity/Hub/Editor/2020.3.7f1/Editor/Data/PlaybackEngines/WindowsStandaloneSupport/UnityEditor.WindowsStandalone.Extensions.dll
Registered in 0.002002 seconds.
Native extension for WindowsStandalone target not found
Refreshing native plugins compatible for Editor in 17.54 ms, found 0 plugins.
Preloading 0 native plugins for Editor in 0.00 ms.
Mono: successfully reloaded assembly
- Completed reload, in  0.908 seconds
Platform modules already initialized, skipping
Registering precompiled user dll's ...
Registered in 0.001144 seconds.
Begin MonoManager ReloadAssembly
Native extension for WindowsStandalone target not found
Refreshing native plugins compatible for Editor in 0.17 ms, found 0 plugins.
Preloading 0 native plugins for Editor in 0.00 ms.
Mono: successfully reloaded assembly
- Completed reload, in  0.674 seconds
Platform modules already initialized, skipping
========================================================================
Worker process is ready to serve import requests
Launched and connected shader compiler UnityShaderCompiler.exe after 0.04 seconds
Refreshing native plugins compatible for Editor in 0.18 ms, found 0 plugins.
Preloading 0 native plugins for Editor in 0.00 ms.
Unloading 1118 Unused Serialized files (Serialized files now loaded: 0)
System memory in use before: 57.8 MB.
System memory in use after: 57.8 MB.

Unloading 11 unused Assets to reduce memory usage. Loaded Objects now: 1563.
Total: 1.398500 ms (FindLiveObjects: 0.101800 ms CreateObjectMapping: 0.025800 ms MarkObjects: 1.215300 ms  DeleteObjects: 0.054800 ms)

========================================================================
Received Import Request.
  path: Assets/Scripts
  artifactKey: Guid(05b591f783175a14a9a0c61c9717cff9) Importer(815301076,1909f56bfc062723c751e8b465ee728b)
Start importing Assets/Scripts using Guid(05b591f783175a14a9a0c61c9717cff9) Importer(815301076,1909f56bfc062723c751e8b465ee728b)  -> (artifact id: '99d60e5b63a9487412bf518642fb6e3d') in 0.003051 seconds
  Import took 0.004314 seconds .

========================================================================
Received Import Request.
  Time since last request: 152.711115 seconds.
  path: Assets/Scenes/SampleScene.unity
  artifactKey: Guid(9fc0d4010bbf28b4594072e72b8655ab) Importer(815301076,1909f56bfc062723c751e8b465ee728b)
Start importing Assets/Scenes/SampleScene.unity using Guid(9fc0d4010bbf28b4594072e72b8655ab) Importer(815301076,1909f56bfc062723c751e8b465ee728b)  -> (artifact id: 'ca5c3383c6e803ffb110cb10abbda15e') in 0.007543 seconds
  Import took 0.009093 seconds .

========================================================================
Received Import Request.
  Time since last request: 43.042889 seconds.
  path: Packages/com.unity.timeline/Runtime/Unity.Timeline.asmdef
  artifactKey: Guid(f06555f75b070af458a003d92f9efb00) Importer(815301076,1909f56bfc062723c751e8b465ee728b)
Start importing Packages/com.unity.timeline/Runtime/Unity.Timeline.asmdef using Guid(f06555f75b070af458a003d92f9efb00) Importer(815301076,1909f56bfc062723c751e8b465ee728b)  -> (artifact id: '24c3617dcb14f6aa7c5aa7ab4cce423d') in 0.015600 seconds
  Import took 0.017359 seconds .

========================================================================
Received Import Request.
  Time since last request: 7.816369 seconds.
  path: Packages/com.unity.timeline/Runtime/Utilities
  artifactKey: Guid(f8730045d7da0f84cb11c0d868899577) Importer(815301076,1909f56bfc062723c751e8b465ee728b)
Start importing Packages/com.unity.timeline/Runtime/Utilities using Guid(f8730045d7da0f84cb11c0d868899577) Importer(815301076,1909f56bfc062723c751e8b465ee728b)  -> (artifact id: '88b048c00159b2947989852f7758e40b') in 0.001958 seconds
  Import took 0.003357 seconds .

========================================================================
Received Prepare
Registering precompiled user dll's ...
Registered in 0.001155 seconds.
Begin MonoManager ReloadAssembly
Native extension for WindowsStandalone target not found
Refreshing native plugins compatible for Editor in 0.17 ms, found 0 plugins.
Preloading 0 native plugins for Editor in 0.00 ms.
Mono: successfully reloaded assembly
- Completed reload, in  0.635 seconds
Platform modules already initialized, skipping
Refreshing native plugins compatible for Editor in 0.21 ms, found 0 plugins.
Preloading 0 native plugins for Editor in 0.00 ms.
Unloading 1113 Unused Serialized files (Serialized files now loaded: 0)
System memory in use before: 57.7 MB.
System memory in use after: 57.8 MB.

Unloading 6 unused Assets to reduce memory usage. Loaded Objects now: 1566.
Total: 1.381700 ms (FindLiveObjects: 0.102700 ms CreateObjectMapping: 0.027100 ms MarkObjects: 1.215300 ms  DeleteObjects: 0.036000 ms)

AssetImportWorkerClient::OnTransportError - code=2 error=End of file
